{"E:\\apiRest\\Desafio\\src\\service\\PlanetService.js": {"path":"E:\\apiRest\\Desafio\\src\\service\\PlanetService.js","statementMap":{"0":{"start":{"line":1,"column":14},"end":{"line":3,"column":2}},"1":{"start":{"line":5,"column":15},"end":{"line":5,"column":42}},"2":{"start":{"line":6,"column":25},"end":{"line":6,"column":66}},"3":{"start":{"line":10,"column":4},"end":{"line":10,"column":51}},"4":{"start":{"line":14,"column":21},"end":{"line":19,"column":5}},"5":{"start":{"line":21,"column":16},"end":{"line":21,"column":63}},"6":{"start":{"line":23,"column":13},"end":{"line":23,"column":16}},"7":{"start":{"line":24,"column":4},"end":{"line":25,"column":59}},"8":{"start":{"line":25,"column":6},"end":{"line":25,"column":59}},"9":{"start":{"line":27,"column":13},"end":{"line":32,"column":6}},"10":{"start":{"line":33,"column":4},"end":{"line":38,"column":5}},"11":{"start":{"line":34,"column":6},"end":{"line":34,"column":48}},"12":{"start":{"line":35,"column":6},"end":{"line":35,"column":68}},"13":{"start":{"line":37,"column":6},"end":{"line":37,"column":64}},"14":{"start":{"line":42,"column":4},"end":{"line":42,"column":49}},"15":{"start":{"line":46,"column":4},"end":{"line":51,"column":5}},"16":{"start":{"line":47,"column":6},"end":{"line":47,"column":69}},"17":{"start":{"line":48,"column":6},"end":{"line":48,"column":18}},"18":{"start":{"line":50,"column":6},"end":{"line":50,"column":19}},"19":{"start":{"line":55,"column":4},"end":{"line":60,"column":5}},"20":{"start":{"line":56,"column":6},"end":{"line":56,"column":74}},"21":{"start":{"line":58,"column":6},"end":{"line":58,"column":39}},"22":{"start":{"line":59,"column":6},"end":{"line":59,"column":13}},"23":{"start":{"line":64,"column":4},"end":{"line":69,"column":5}},"24":{"start":{"line":65,"column":6},"end":{"line":65,"column":71}},"25":{"start":{"line":67,"column":6},"end":{"line":67,"column":43}},"26":{"start":{"line":68,"column":6},"end":{"line":68,"column":13}},"27":{"start":{"line":73,"column":4},"end":{"line":90,"column":5}},"28":{"start":{"line":74,"column":6},"end":{"line":85,"column":11}},"29":{"start":{"line":77,"column":10},"end":{"line":77,"column":32}},"30":{"start":{"line":78,"column":10},"end":{"line":78,"column":31}},"31":{"start":{"line":81,"column":10},"end":{"line":81,"column":29}},"32":{"start":{"line":82,"column":10},"end":{"line":84,"column":12}},"33":{"start":{"line":87,"column":6},"end":{"line":89,"column":8}},"34":{"start":{"line":94,"column":4},"end":{"line":115,"column":5}},"35":{"start":{"line":95,"column":21},"end":{"line":95,"column":22}},"36":{"start":{"line":96,"column":30},"end":{"line":96,"column":60}},"37":{"start":{"line":97,"column":6},"end":{"line":99,"column":7}},"38":{"start":{"line":98,"column":8},"end":{"line":98,"column":57}},"39":{"start":{"line":101,"column":6},"end":{"line":103,"column":7}},"40":{"start":{"line":102,"column":8},"end":{"line":102,"column":50}},"41":{"start":{"line":104,"column":6},"end":{"line":108,"column":8}},"42":{"start":{"line":110,"column":6},"end":{"line":114,"column":8}},"43":{"start":{"line":119,"column":4},"end":{"line":123,"column":5}},"44":{"start":{"line":120,"column":6},"end":{"line":120,"column":19}},"45":{"start":{"line":122,"column":6},"end":{"line":122,"column":38}},"46":{"start":{"line":127,"column":0},"end":{"line":127,"column":31}}},"fnMap":{"0":{"name":"(anonymous_0)","decl":{"start":{"line":9,"column":2},"end":{"line":9,"column":3}},"loc":{"start":{"line":9,"column":16},"end":{"line":11,"column":3}},"line":9},"1":{"name":"(anonymous_1)","decl":{"start":{"line":13,"column":2},"end":{"line":13,"column":3}},"loc":{"start":{"line":13,"column":45},"end":{"line":39,"column":3}},"line":13},"2":{"name":"(anonymous_2)","decl":{"start":{"line":41,"column":2},"end":{"line":41,"column":3}},"loc":{"start":{"line":41,"column":24},"end":{"line":43,"column":3}},"line":41},"3":{"name":"(anonymous_3)","decl":{"start":{"line":45,"column":2},"end":{"line":45,"column":3}},"loc":{"start":{"line":45,"column":31},"end":{"line":52,"column":3}},"line":45},"4":{"name":"(anonymous_4)","decl":{"start":{"line":54,"column":2},"end":{"line":54,"column":3}},"loc":{"start":{"line":54,"column":32},"end":{"line":61,"column":3}},"line":54},"5":{"name":"(anonymous_5)","decl":{"start":{"line":63,"column":2},"end":{"line":63,"column":3}},"loc":{"start":{"line":63,"column":36},"end":{"line":70,"column":3}},"line":63},"6":{"name":"(anonymous_6)","decl":{"start":{"line":72,"column":2},"end":{"line":72,"column":3}},"loc":{"start":{"line":72,"column":34},"end":{"line":91,"column":3}},"line":72},"7":{"name":"(anonymous_7)","decl":{"start":{"line":76,"column":14},"end":{"line":76,"column":15}},"loc":{"start":{"line":76,"column":33},"end":{"line":79,"column":9}},"line":76},"8":{"name":"(anonymous_8)","decl":{"start":{"line":80,"column":15},"end":{"line":80,"column":16}},"loc":{"start":{"line":80,"column":31},"end":{"line":85,"column":9}},"line":80},"9":{"name":"(anonymous_9)","decl":{"start":{"line":93,"column":2},"end":{"line":93,"column":3}},"loc":{"start":{"line":93,"column":30},"end":{"line":116,"column":3}},"line":93},"10":{"name":"(anonymous_10)","decl":{"start":{"line":118,"column":2},"end":{"line":118,"column":3}},"loc":{"start":{"line":118,"column":21},"end":{"line":124,"column":3}},"line":118}},"branchMap":{"0":{"loc":{"start":{"line":24,"column":4},"end":{"line":25,"column":59}},"type":"if","locations":[{"start":{"line":24,"column":4},"end":{"line":25,"column":59}},{"start":{"line":24,"column":4},"end":{"line":25,"column":59}}],"line":24},"1":{"loc":{"start":{"line":24,"column":8},"end":{"line":24,"column":33}},"type":"binary-expr","locations":[{"start":{"line":24,"column":8},"end":{"line":24,"column":13}},{"start":{"line":24,"column":17},"end":{"line":24,"column":33}}],"line":24},"2":{"loc":{"start":{"line":97,"column":6},"end":{"line":99,"column":7}},"type":"if","locations":[{"start":{"line":97,"column":6},"end":{"line":99,"column":7}},{"start":{"line":97,"column":6},"end":{"line":99,"column":7}}],"line":97},"3":{"loc":{"start":{"line":97,"column":10},"end":{"line":97,"column":56}},"type":"binary-expr","locations":[{"start":{"line":97,"column":10},"end":{"line":97,"column":27}},{"start":{"line":97,"column":31},"end":{"line":97,"column":56}}],"line":97},"4":{"loc":{"start":{"line":101,"column":6},"end":{"line":103,"column":7}},"type":"if","locations":[{"start":{"line":101,"column":6},"end":{"line":103,"column":7}},{"start":{"line":101,"column":6},"end":{"line":103,"column":7}}],"line":101},"5":{"loc":{"start":{"line":119,"column":4},"end":{"line":123,"column":5}},"type":"if","locations":[{"start":{"line":119,"column":4},"end":{"line":123,"column":5}},{"start":{"line":119,"column":4},"end":{"line":123,"column":5}}],"line":119}},"s":{"0":1,"1":1,"2":1,"3":0,"4":0,"5":0,"6":0,"7":0,"8":0,"9":0,"10":0,"11":0,"12":0,"13":0,"14":0,"15":0,"16":0,"17":0,"18":0,"19":0,"20":0,"21":0,"22":0,"23":0,"24":0,"25":0,"26":0,"27":0,"28":0,"29":0,"30":0,"31":0,"32":0,"33":0,"34":0,"35":0,"36":0,"37":0,"38":0,"39":0,"40":0,"41":0,"42":0,"43":0,"44":0,"45":0,"46":1},"f":{"0":0,"1":0,"2":0,"3":0,"4":0,"5":0,"6":0,"7":0,"8":0,"9":0,"10":0},"b":{"0":[0,0],"1":[0,0],"2":[0,0],"3":[0,0],"4":[0,0],"5":[0,0]},"_coverageSchema":"43e27e138ebf9cfc5966b082cf9a028302ed4184","hash":"9b988ab1ac79df74fc8872286c3ab70efc49a816"}
}
